
*** Running vivado
    with args -log FPGA.vds -m64 -product Vivado -mode batch -messageDb vivado.pb -notrace -source FPGA.tcl



****** Vivado v2022.2 (64-bit)
  **** SW Build 3671981 on Fri Oct 14 05:00:03 MDT 2022
  **** IP Build 3669848 on Fri Oct 14 08:30:02 MDT 2022
    ** Copyright 1986-2022 Xilinx, Inc. All Rights Reserved.

source FPGA.tcl -notrace
create_project: Time (s): cpu = 00:00:05 ; elapsed = 00:00:06 . Memory (MB): peak = 1394.270 ; gain = 121.984

*** Running vivado
    with args -log FPGA.vds -m64 -product Vivado -mode batch -messageDb vivado.pb -notrace -source FPGA.tcl



****** Vivado v2022.2 (64-bit)
  **** SW Build 3671981 on Fri Oct 14 05:00:03 MDT 2022
  **** IP Build 3669848 on Fri Oct 14 08:30:02 MDT 2022
    ** Copyright 1986-2022 Xilinx, Inc. All Rights Reserved.

source FPGA.tcl -notrace
create_project: Time (s): cpu = 00:00:06 ; elapsed = 00:00:06 . Memory (MB): peak = 1392.910 ; gain = 120.586
Command: read_checkpoint -auto_incremental -incremental C:/Users/SSP-1234/Desktop/CPU/CPU/CPU.srcs/utils_1/imports/synth_1/Memory.dcp
INFO: [Vivado 12-5825] Read reference checkpoint from C:/Users/SSP-1234/Desktop/CPU/CPU/CPU.srcs/utils_1/imports/synth_1/Memory.dcp for incremental synthesis
INFO: [Vivado 12-7989] Please ensure there are no constraint changes
Command: synth_design -top FPGA -part xc7z020clg400-1
Starting synth_design
Attempting to get a license for feature 'Synthesis' and/or device 'xc7z020'
INFO: [Common 17-349] Got license for feature 'Synthesis' and/or device 'xc7z020'
INFO: [Device 21-403] Loading part xc7z020clg400-1
INFO: [Designutils 20-5440] No compile time benefit to using incremental synthesis; A full resynthesis will be run
INFO: [Designutils 20-4379] Flow is switching to default flow due to incremental criteria not met. If you would like to alter this behaviour and have the flow terminate instead, please set the following parameter config_implementation {autoIncr.Synth.RejectBehavior Terminate}
INFO: [Synth 8-7079] Multithreading enabled for synth_design using a maximum of 2 processes.
INFO: [Synth 8-7078] Launching helper process for spawning children vivado processes
INFO: [Synth 8-7075] Helper process launched with PID 10320
INFO: [Synth 8-11241] undeclared symbol 'REGCCE', assumed default net type 'wire' [C:/Xilinx/Vivado/2022.2/data/verilog/src/unimacro/BRAM_SINGLE_MACRO.v:2170]
---------------------------------------------------------------------------------
Starting RTL Elaboration : Time (s): cpu = 00:00:06 ; elapsed = 00:00:06 . Memory (MB): peak = 2273.250 ; gain = 408.871
---------------------------------------------------------------------------------
INFO: [Synth 8-6157] synthesizing module 'FPGA' [C:/Users/SSP-1234/Desktop/CPU/CPU/CPU.srcs/sources_1/imports/new/FPGA.v:4]
INFO: [Synth 8-6157] synthesizing module 'CPU' [C:/Users/SSP-1234/Desktop/CPU/CPU/CPU.srcs/sources_1/imports/new/CPU.v:4]
	Parameter Data_Width bound to: 16 - type: integer 
	Parameter Address_Width bound to: 12 - type: integer 
INFO: [Synth 8-6157] synthesizing module 'Control_Unit' [C:/Users/SSP-1234/Desktop/CPU/CPU/CPU.srcs/sources_1/imports/new/Control_Unit.v:4]
	Parameter Data_Width bound to: 16 - type: integer 
INFO: [Synth 8-6155] done synthesizing module 'Control_Unit' (0#1) [C:/Users/SSP-1234/Desktop/CPU/CPU/CPU.srcs/sources_1/imports/new/Control_Unit.v:4]
INFO: [Synth 8-6157] synthesizing module 'ALU' [C:/Users/SSP-1234/Desktop/CPU/CPU/CPU.srcs/sources_1/imports/new/ALU.v:4]
	Parameter Data_Width bound to: 16 - type: integer 
INFO: [Synth 8-226] default block is never used [C:/Users/SSP-1234/Desktop/CPU/CPU/CPU.srcs/sources_1/imports/new/ALU.v:41]
INFO: [Synth 8-6155] done synthesizing module 'ALU' (0#1) [C:/Users/SSP-1234/Desktop/CPU/CPU/CPU.srcs/sources_1/imports/new/ALU.v:4]
INFO: [Synth 8-6157] synthesizing module 'BUS' [C:/Users/SSP-1234/Desktop/CPU/CPU/CPU.srcs/sources_1/imports/new/BUS.v:4]
	Parameter Data_Width bound to: 16 - type: integer 
INFO: [Synth 8-226] default block is never used [C:/Users/SSP-1234/Desktop/CPU/CPU/CPU.srcs/sources_1/imports/new/BUS.v:44]
INFO: [Synth 8-6155] done synthesizing module 'BUS' (0#1) [C:/Users/SSP-1234/Desktop/CPU/CPU/CPU.srcs/sources_1/imports/new/BUS.v:4]
INFO: [Synth 8-226] default block is never used [C:/Users/SSP-1234/Desktop/CPU/CPU/CPU.srcs/sources_1/imports/new/CPU.v:695]
INFO: [Synth 8-6155] done synthesizing module 'CPU' (0#1) [C:/Users/SSP-1234/Desktop/CPU/CPU/CPU.srcs/sources_1/imports/new/CPU.v:4]
INFO: [Synth 8-6157] synthesizing module 'Memory' [C:/Users/SSP-1234/Desktop/CPU/CPU/CPU.srcs/sources_1/imports/new/Memory.v:4]
	Parameter Data_Width bound to: 16 - type: integer 
	Parameter Address_Width bound to: 12 - type: integer 
INFO: [Synth 8-3876] $readmem data file 'Initial_RAM_Values.data' is read successfully [C:/Users/SSP-1234/Desktop/CPU/CPU/CPU.srcs/sources_1/imports/new/Memory.v:46]
INFO: [Synth 8-6155] done synthesizing module 'Memory' (0#1) [C:/Users/SSP-1234/Desktop/CPU/CPU/CPU.srcs/sources_1/imports/new/Memory.v:4]
INFO: [Synth 8-6157] synthesizing module 'clk_wiz_0' [C:/Users/SSP-1234/Desktop/CPU/CPU/CPU.runs/synth_1/.Xil/Vivado-1788-DESKTOP-JLEGAHB/realtime/clk_wiz_0_stub.v:5]
INFO: [Synth 8-6155] done synthesizing module 'clk_wiz_0' (0#1) [C:/Users/SSP-1234/Desktop/CPU/CPU/CPU.runs/synth_1/.Xil/Vivado-1788-DESKTOP-JLEGAHB/realtime/clk_wiz_0_stub.v:5]
WARNING: [Synth 8-4446] all outputs are unconnected for this instance and logic may be removed [C:/Users/SSP-1234/Desktop/CPU/CPU/CPU.srcs/sources_1/imports/new/FPGA.v:143]
INFO: [Synth 8-6157] synthesizing module 'ila_0' [C:/Users/SSP-1234/Desktop/CPU/CPU/CPU.runs/synth_1/.Xil/Vivado-1788-DESKTOP-JLEGAHB/realtime/ila_0_stub.v:5]
INFO: [Synth 8-6155] done synthesizing module 'ila_0' (0#1) [C:/Users/SSP-1234/Desktop/CPU/CPU/CPU.runs/synth_1/.Xil/Vivado-1788-DESKTOP-JLEGAHB/realtime/ila_0_stub.v:5]
INFO: [Synth 8-6157] synthesizing module 'vio_0' [C:/Users/SSP-1234/Desktop/CPU/CPU/CPU.runs/synth_1/.Xil/Vivado-1788-DESKTOP-JLEGAHB/realtime/vio_0_stub.v:5]
INFO: [Synth 8-6155] done synthesizing module 'vio_0' (0#1) [C:/Users/SSP-1234/Desktop/CPU/CPU/CPU.runs/synth_1/.Xil/Vivado-1788-DESKTOP-JLEGAHB/realtime/vio_0_stub.v:5]
INFO: [Synth 8-6155] done synthesizing module 'FPGA' (0#1) [C:/Users/SSP-1234/Desktop/CPU/CPU/CPU.srcs/sources_1/imports/new/FPGA.v:4]
INFO: [Synth 8-6071] Mark debug on the nets applies keep_hierarchy on instance 'VIO_Module'. This will prevent further optimization [C:/Users/SSP-1234/Desktop/CPU/CPU/CPU.srcs/sources_1/imports/new/FPGA.v:156]
INFO: [Synth 8-6071] Mark debug on the nets applies keep_hierarchy on instance 'CPU_Module'. This will prevent further optimization [C:/Users/SSP-1234/Desktop/CPU/CPU/CPU.srcs/sources_1/imports/new/FPGA.v:82]
INFO: [Synth 8-6071] Mark debug on the nets applies keep_hierarchy on instance 'ILA_Module'. This will prevent further optimization [C:/Users/SSP-1234/Desktop/CPU/CPU/CPU.srcs/sources_1/imports/new/FPGA.v:143]
INFO: [Synth 8-6071] Mark debug on the nets applies keep_hierarchy on instance 'Memory_Module'. This will prevent further optimization [C:/Users/SSP-1234/Desktop/CPU/CPU/CPU.srcs/sources_1/imports/new/FPGA.v:114]
---------------------------------------------------------------------------------
Finished RTL Elaboration : Time (s): cpu = 00:00:08 ; elapsed = 00:00:08 . Memory (MB): peak = 2374.520 ; gain = 510.141
---------------------------------------------------------------------------------
---------------------------------------------------------------------------------
Start Handling Custom Attributes
---------------------------------------------------------------------------------
---------------------------------------------------------------------------------
Finished Handling Custom Attributes : Time (s): cpu = 00:00:08 ; elapsed = 00:00:08 . Memory (MB): peak = 2392.410 ; gain = 528.031
---------------------------------------------------------------------------------
---------------------------------------------------------------------------------
Finished RTL Optimization Phase 1 : Time (s): cpu = 00:00:08 ; elapsed = 00:00:08 . Memory (MB): peak = 2392.410 ; gain = 528.031
---------------------------------------------------------------------------------
Netlist sorting complete. Time (s): cpu = 00:00:00 ; elapsed = 00:00:00.012 . Memory (MB): peak = 2392.410 ; gain = 0.000
INFO: [Project 1-570] Preparing netlist for logic optimization

Processing XDC Constraints
Initializing timing engine
Parsing XDC File [c:/Users/SSP-1234/Desktop/CPU/CPU/CPU.gen/sources_1/ip/vio_0/vio_0/vio_0_in_context.xdc] for cell 'VIO_Module'
Finished Parsing XDC File [c:/Users/SSP-1234/Desktop/CPU/CPU/CPU.gen/sources_1/ip/vio_0/vio_0/vio_0_in_context.xdc] for cell 'VIO_Module'
Parsing XDC File [c:/Users/SSP-1234/Desktop/CPU/CPU/CPU.gen/sources_1/ip/clk_wiz_0/clk_wiz_0/clk_wiz_0_in_context.xdc] for cell 'MMCM_Module'
Finished Parsing XDC File [c:/Users/SSP-1234/Desktop/CPU/CPU/CPU.gen/sources_1/ip/clk_wiz_0/clk_wiz_0/clk_wiz_0_in_context.xdc] for cell 'MMCM_Module'
Parsing XDC File [c:/Users/SSP-1234/Desktop/CPU/CPU/CPU.gen/sources_1/ip/ila_0/ila_0/ila_0_in_context.xdc] for cell 'ILA_Module'
Finished Parsing XDC File [c:/Users/SSP-1234/Desktop/CPU/CPU/CPU.gen/sources_1/ip/ila_0/ila_0/ila_0_in_context.xdc] for cell 'ILA_Module'
Parsing XDC File [C:/Users/SSP-1234/Desktop/CPU/CPU/CPU.srcs/constrs_1/imports/Desktop/FPGA_CT.xdc]
Finished Parsing XDC File [C:/Users/SSP-1234/Desktop/CPU/CPU/CPU.srcs/constrs_1/imports/Desktop/FPGA_CT.xdc]
INFO: [Project 1-236] Implementation specific constraints were found while reading constraint file [C:/Users/SSP-1234/Desktop/CPU/CPU/CPU.srcs/constrs_1/imports/Desktop/FPGA_CT.xdc]. These constraints will be ignored for synthesis but will be used in implementation. Impacted constraints are listed in the file [.Xil/FPGA_propImpl.xdc].
Resolution: To avoid this warning, move constraints listed in [.Xil/FPGA_propImpl.xdc] to another XDC file and exclude this new file from synthesis with the used_in_synthesis property (File Properties dialog in GUI) and re-run elaboration/synthesis.
Parsing XDC File [C:/Users/SSP-1234/Desktop/CPU/CPU/CPU.runs/synth_1/dont_touch.xdc]
Finished Parsing XDC File [C:/Users/SSP-1234/Desktop/CPU/CPU/CPU.runs/synth_1/dont_touch.xdc]
Completed Processing XDC Constraints

Netlist sorting complete. Time (s): cpu = 00:00:00 ; elapsed = 00:00:00 . Memory (MB): peak = 2505.148 ; gain = 0.000
INFO: [Project 1-111] Unisim Transformation Summary:
No Unisim elements were transformed.

Constraint Validation Runtime : Time (s): cpu = 00:00:00 ; elapsed = 00:00:00.004 . Memory (MB): peak = 2505.148 ; gain = 0.000
INFO: [Designutils 20-5440] No compile time benefit to using incremental synthesis; A full resynthesis will be run
INFO: [Designutils 20-4379] Flow is switching to default flow due to incremental criteria not met. If you would like to alter this behaviour and have the flow terminate instead, please set the following parameter config_implementation {autoIncr.Synth.RejectBehavior Terminate}
INFO: [Synth 8-11241] undeclared symbol 'REGCCE', assumed default net type 'wire' [C:/Xilinx/Vivado/2022.2/data/verilog/src/unimacro/BRAM_SINGLE_MACRO.v:2170]
---------------------------------------------------------------------------------
Finished Constraint Validation : Time (s): cpu = 00:00:17 ; elapsed = 00:00:17 . Memory (MB): peak = 2505.148 ; gain = 640.770
---------------------------------------------------------------------------------
---------------------------------------------------------------------------------
Start Loading Part and Timing Information
---------------------------------------------------------------------------------
Loading part: xc7z020clg400-1
---------------------------------------------------------------------------------
Finished Loading Part and Timing Information : Time (s): cpu = 00:00:17 ; elapsed = 00:00:17 . Memory (MB): peak = 2505.148 ; gain = 640.770
---------------------------------------------------------------------------------
---------------------------------------------------------------------------------
Start Applying 'set_property' XDC Constraints
---------------------------------------------------------------------------------
Applied set_property IO_BUFFER_TYPE = NONE for Clock_125_Mhz. (constraint file  c:/Users/SSP-1234/Desktop/CPU/CPU/CPU.gen/sources_1/ip/clk_wiz_0/clk_wiz_0/clk_wiz_0_in_context.xdc, line 3).
Applied set_property CLOCK_BUFFER_TYPE = NONE for Clock_125_Mhz. (constraint file  c:/Users/SSP-1234/Desktop/CPU/CPU/CPU.gen/sources_1/ip/clk_wiz_0/clk_wiz_0/clk_wiz_0_in_context.xdc, line 4).
Applied set_property KEEP_HIERARCHY = SOFT for VIO_Module. (constraint file  auto generated constraint).
Applied set_property KEEP_HIERARCHY = SOFT for MMCM_Module. (constraint file  auto generated constraint).
Applied set_property KEEP_HIERARCHY = SOFT for ILA_Module. (constraint file  auto generated constraint).
---------------------------------------------------------------------------------
Finished applying 'set_property' XDC Constraints : Time (s): cpu = 00:00:17 ; elapsed = 00:00:17 . Memory (MB): peak = 2505.148 ; gain = 640.770
---------------------------------------------------------------------------------
---------------------------------------------------------------------------------
Finished RTL Optimization Phase 2 : Time (s): cpu = 00:00:17 ; elapsed = 00:00:18 . Memory (MB): peak = 2505.148 ; gain = 640.770
---------------------------------------------------------------------------------
---------------------------------------------------------------------------------
Start RTL Component Statistics 
---------------------------------------------------------------------------------
Detailed RTL Component Info : 
+---Adders : 
	   2 Input   17 Bit       Adders := 1     
	   2 Input   16 Bit       Adders := 2     
	   2 Input   13 Bit       Adders := 1     
	   2 Input    4 Bit       Adders := 1     
+---Registers : 
	               16 Bit    Registers := 4     
	               13 Bit    Registers := 1     
	                8 Bit    Registers := 2     
	                4 Bit    Registers := 1     
	                1 Bit    Registers := 16    
+---RAMs : 
	              64K Bit	(4096 X 16 bit)          RAMs := 1     
+---Muxes : 
	   2 Input   16 Bit        Muxes := 3     
	   2 Input   13 Bit        Muxes := 3     
	   2 Input   12 Bit        Muxes := 1     
	   8 Input    1 Bit        Muxes := 9     
	   2 Input    1 Bit        Muxes := 44    
	  11 Input    1 Bit        Muxes := 10    
---------------------------------------------------------------------------------
Finished RTL Component Statistics 
---------------------------------------------------------------------------------
---------------------------------------------------------------------------------
Start Part Resource Summary
---------------------------------------------------------------------------------
Part Resources:
DSPs: 220 (col length:60)
BRAMs: 280 (col length: RAMB18 60 RAMB36 30)
---------------------------------------------------------------------------------
Finished Part Resource Summary
---------------------------------------------------------------------------------
---------------------------------------------------------------------------------
Start Cross Boundary and Area Optimization
---------------------------------------------------------------------------------
WARNING: [Synth 8-7080] Parallel synthesis criteria is not met
---------------------------------------------------------------------------------
Finished Cross Boundary and Area Optimization : Time (s): cpu = 00:00:21 ; elapsed = 00:00:21 . Memory (MB): peak = 2505.148 ; gain = 640.770
---------------------------------------------------------------------------------
---------------------------------------------------------------------------------
Start ROM, RAM, DSP, Shift Register and Retiming Reporting
---------------------------------------------------------------------------------

Block RAM: Preliminary Mapping Report (see note below)
+--------------+------------+------------------------+---+---+------------------------+---+---+------------------+--------+--------+
|Module Name   | RTL Object | PORT A (Depth x Width) | W | R | PORT B (Depth x Width) | W | R | Ports driving FF | RAMB18 | RAMB36 | 
+--------------+------------+------------------------+---+---+------------------------+---+---+------------------+--------+--------+
|Memory_Module | RAM_reg    | 4 K x 16(READ_FIRST)   | W |   | 4 K x 16(WRITE_FIRST)  |   | R | Port A and B     | 0      | 2      | 
+--------------+------------+------------------------+---+---+------------------------+---+---+------------------+--------+--------+

Note: The table above is a preliminary report that shows the Block RAMs at the current stage of the synthesis flow. Some Block RAMs may be reimplemented as non Block RAM primitives later in the synthesis flow. Multiple instantiated Block RAMs are reported only once. 
---------------------------------------------------------------------------------
Finished ROM, RAM, DSP, Shift Register and Retiming Reporting
---------------------------------------------------------------------------------
---------------------------------------------------------------------------------
Start Applying XDC Timing Constraints
---------------------------------------------------------------------------------
---------------------------------------------------------------------------------
Finished Applying XDC Timing Constraints : Time (s): cpu = 00:00:27 ; elapsed = 00:00:28 . Memory (MB): peak = 2505.148 ; gain = 640.770
---------------------------------------------------------------------------------
---------------------------------------------------------------------------------
Start Timing Optimization
---------------------------------------------------------------------------------
---------------------------------------------------------------------------------
Finished Timing Optimization : Time (s): cpu = 00:00:29 ; elapsed = 00:00:29 . Memory (MB): peak = 2505.148 ; gain = 640.770
---------------------------------------------------------------------------------
---------------------------------------------------------------------------------
Start ROM, RAM, DSP, Shift Register and Retiming Reporting
---------------------------------------------------------------------------------

Block RAM: Final Mapping Report
+--------------+------------+------------------------+---+---+------------------------+---+---+------------------+--------+--------+
|Module Name   | RTL Object | PORT A (Depth x Width) | W | R | PORT B (Depth x Width) | W | R | Ports driving FF | RAMB18 | RAMB36 | 
+--------------+------------+------------------------+---+---+------------------------+---+---+------------------+--------+--------+
|Memory_Module | RAM_reg    | 4 K x 16(READ_FIRST)   | W |   | 4 K x 16(WRITE_FIRST)  |   | R | Port A and B     | 0      | 2      | 
+--------------+------------+------------------------+---+---+------------------------+---+---+------------------+--------+--------+

---------------------------------------------------------------------------------
Finished ROM, RAM, DSP, Shift Register and Retiming Reporting
---------------------------------------------------------------------------------
---------------------------------------------------------------------------------
Start Technology Mapping
---------------------------------------------------------------------------------
INFO: [Synth 8-7052] The timing for the instance Memory_Module/RAM_reg_0 (implemented as a Block RAM) might be sub-optimal as no optional output register could be merged into the ram block. Providing additional output register may help in improving timing.
INFO: [Synth 8-7052] The timing for the instance Memory_Module/RAM_reg_1 (implemented as a Block RAM) might be sub-optimal as no optional output register could be merged into the ram block. Providing additional output register may help in improving timing.
---------------------------------------------------------------------------------
Finished Technology Mapping : Time (s): cpu = 00:00:29 ; elapsed = 00:00:30 . Memory (MB): peak = 2505.148 ; gain = 640.770
---------------------------------------------------------------------------------
---------------------------------------------------------------------------------
Start IO Insertion
---------------------------------------------------------------------------------
---------------------------------------------------------------------------------
Start Flattening Before IO Insertion
---------------------------------------------------------------------------------
---------------------------------------------------------------------------------
Finished Flattening Before IO Insertion
---------------------------------------------------------------------------------
---------------------------------------------------------------------------------
Start Final Netlist Cleanup
---------------------------------------------------------------------------------
---------------------------------------------------------------------------------
Finished Final Netlist Cleanup
---------------------------------------------------------------------------------
---------------------------------------------------------------------------------
Finished IO Insertion : Time (s): cpu = 00:00:34 ; elapsed = 00:00:35 . Memory (MB): peak = 2505.148 ; gain = 640.770
---------------------------------------------------------------------------------
---------------------------------------------------------------------------------
Start Renaming Generated Instances
---------------------------------------------------------------------------------
---------------------------------------------------------------------------------
Finished Renaming Generated Instances : Time (s): cpu = 00:00:34 ; elapsed = 00:00:35 . Memory (MB): peak = 2505.148 ; gain = 640.770
---------------------------------------------------------------------------------
---------------------------------------------------------------------------------
Start Rebuilding User Hierarchy
---------------------------------------------------------------------------------
---------------------------------------------------------------------------------
Finished Rebuilding User Hierarchy : Time (s): cpu = 00:00:34 ; elapsed = 00:00:35 . Memory (MB): peak = 2505.148 ; gain = 640.770
---------------------------------------------------------------------------------
---------------------------------------------------------------------------------
Start Renaming Generated Ports
---------------------------------------------------------------------------------
---------------------------------------------------------------------------------
Finished Renaming Generated Ports : Time (s): cpu = 00:00:34 ; elapsed = 00:00:35 . Memory (MB): peak = 2505.148 ; gain = 640.770
---------------------------------------------------------------------------------
---------------------------------------------------------------------------------
Start Handling Custom Attributes
---------------------------------------------------------------------------------
---------------------------------------------------------------------------------
Finished Handling Custom Attributes : Time (s): cpu = 00:00:34 ; elapsed = 00:00:35 . Memory (MB): peak = 2505.148 ; gain = 640.770
---------------------------------------------------------------------------------
---------------------------------------------------------------------------------
Start Renaming Generated Nets
---------------------------------------------------------------------------------
---------------------------------------------------------------------------------
Finished Renaming Generated Nets : Time (s): cpu = 00:00:34 ; elapsed = 00:00:35 . Memory (MB): peak = 2505.148 ; gain = 640.770
---------------------------------------------------------------------------------
---------------------------------------------------------------------------------
Start Writing Synthesis Report
---------------------------------------------------------------------------------

Report BlackBoxes: 
+------+--------------+----------+
|      |BlackBox name |Instances |
+------+--------------+----------+
|1     |clk_wiz_0     |         1|
|2     |ila_0         |         1|
|3     |vio_0         |         1|
+------+--------------+----------+

Report Cell Usage: 
+------+---------+------+
|      |Cell     |Count |
+------+---------+------+
|1     |clk_wiz  |     1|
|2     |ila      |     1|
|3     |vio      |     1|
|4     |CARRY4   |    37|
|5     |LUT1     |     6|
|6     |LUT2     |    26|
|7     |LUT3     |    27|
|8     |LUT4     |    50|
|9     |LUT5     |    90|
|10    |LUT6     |    69|
|11    |MUXF7    |    12|
|12    |RAMB36E1 |     2|
|14    |FDRE     |   170|
|15    |IBUF     |     3|
|16    |OBUF     |     2|
+------+---------+------+
---------------------------------------------------------------------------------
Finished Writing Synthesis Report : Time (s): cpu = 00:00:34 ; elapsed = 00:00:35 . Memory (MB): peak = 2505.148 ; gain = 640.770
---------------------------------------------------------------------------------
Synthesis finished with 0 errors, 0 critical warnings and 1 warnings.
Synthesis Optimization Runtime : Time (s): cpu = 00:00:24 ; elapsed = 00:00:32 . Memory (MB): peak = 2505.148 ; gain = 528.031
Synthesis Optimization Complete : Time (s): cpu = 00:00:34 ; elapsed = 00:00:35 . Memory (MB): peak = 2505.148 ; gain = 640.770
INFO: [Project 1-571] Translating synthesized netlist
Netlist sorting complete. Time (s): cpu = 00:00:00 ; elapsed = 00:00:00.007 . Memory (MB): peak = 2505.148 ; gain = 0.000
INFO: [Netlist 29-17] Analyzing 51 Unisim elements for replacement
INFO: [Netlist 29-28] Unisim Transformation completed in 0 CPU seconds
INFO: [Project 1-570] Preparing netlist for logic optimization
INFO: [Opt 31-138] Pushed 0 inverter(s) to 0 load pin(s).
Netlist sorting complete. Time (s): cpu = 00:00:00 ; elapsed = 00:00:00.001 . Memory (MB): peak = 2505.148 ; gain = 0.000
INFO: [Project 1-111] Unisim Transformation Summary:
No Unisim elements were transformed.

Synth Design complete, checksum: 5d2182f3
INFO: [Common 17-83] Releasing license: Synthesis
51 Infos, 2 Warnings, 0 Critical Warnings and 0 Errors encountered.
synth_design completed successfully
synth_design: Time (s): cpu = 00:00:39 ; elapsed = 00:00:41 . Memory (MB): peak = 2505.148 ; gain = 1051.945
INFO: [Common 17-600] The following parameters have non-default value.
tcl.collectionResultDisplayLimit
INFO: [Common 17-1381] The checkpoint 'C:/Users/SSP-1234/Desktop/CPU/CPU/CPU.runs/synth_1/FPGA.dcp' has been generated.
INFO: [runtcl-4] Executing : report_utilization -file FPGA_utilization_synth.rpt -pb FPGA_utilization_synth.pb
INFO: [Common 17-206] Exiting Vivado at Tue May 20 18:54:30 2025...
